[2025-06-30 18:29:46,203 ] 21 root - INFO - Data Ingestion method starts
[2025-06-30 18:29:46,209 ] 24 root - INFO - Dataset read as pandas DataFrame
[2025-06-30 18:29:46,217 ] 29 root - INFO - Raw data saved
[2025-06-30 18:29:46,227 ] 35 root - INFO - Train and Test data saved. Ingestion is completed.
[2025-06-30 18:29:46,259 ] 62 root - INFO - Read train and test data completed
[2025-06-30 18:29:46,259 ] 64 root - INFO - Obtaining preprocessing object
[2025-06-30 18:29:46,260 ] 33 root - INFO - Numerical features: ['age', 'bmi', 'children']
[2025-06-30 18:29:46,260 ] 43 root - INFO - Categorical features: ['sex', 'smoker', 'region']
[2025-06-30 18:29:46,261 ] 75 root - INFO - Applying preprocessing object on training and testing datasets
[2025-06-30 18:29:46,285 ] 82 root - INFO - Saved preprocessing object
[2025-06-30 18:29:46,289 ] 32 root - INFO - Splitting training and testing data
[2025-06-30 18:29:46,289 ] 54 root - INFO - Starting model training
[2025-06-30 18:29:46,290 ] 57 root - INFO - Training RandomForestRegressor
[2025-06-30 18:29:46,949 ] 57 root - INFO - Training GradientBoostingRegressor
[2025-06-30 18:29:47,213 ] 57 root - INFO - Training AdaBoostRegressor
[2025-06-30 18:29:47,286 ] 57 root - INFO - Training LinearRegression
[2025-06-30 18:29:47,625 ] 57 root - INFO - Training SVR
[2025-06-30 18:29:47,796 ] 57 root - INFO - Training DecisionTreeRegressor
[2025-06-30 18:29:47,803 ] 57 root - INFO - Training KNeighborsRegressor
[2025-06-30 18:29:47,882 ] 57 root - INFO - Training CatBoostRegressor
[2025-06-30 18:29:50,919 ] 57 root - INFO - Training XGBRegressor
[2025-06-30 18:29:53,515 ] 75 root - INFO - Best model found: GradientBoostingRegressor with R2 score: 0.8789844590180659
