[2025-06-30 18:37:15,980 ] 21 root - INFO - Data Ingestion method starts
[2025-06-30 18:37:15,987 ] 24 root - INFO - Dataset read as pandas DataFrame
[2025-06-30 18:37:15,997 ] 29 root - INFO - Raw data saved
[2025-06-30 18:37:16,007 ] 35 root - INFO - Train and Test data saved. Ingestion is completed.
[2025-06-30 18:37:16,041 ] 62 root - INFO - Read train and test data completed
[2025-06-30 18:37:16,042 ] 64 root - INFO - Obtaining preprocessing object
[2025-06-30 18:37:16,042 ] 33 root - INFO - Numerical features: ['age', 'bmi', 'children']
[2025-06-30 18:37:16,042 ] 43 root - INFO - Categorical features: ['sex', 'smoker', 'region']
[2025-06-30 18:37:16,045 ] 75 root - INFO - Applying preprocessing object on training and testing datasets
[2025-06-30 18:37:16,075 ] 82 root - INFO - Saved preprocessing object
[2025-06-30 18:37:16,080 ] 32 root - INFO - Splitting training and testing data
[2025-06-30 18:37:16,080 ] 54 root - INFO - Starting model training
[2025-06-30 18:37:16,081 ] 57 root - INFO - Training RandomForestRegressor
[2025-06-30 18:37:16,592 ] 57 root - INFO - Training GradientBoostingRegressor
[2025-06-30 18:37:16,766 ] 57 root - INFO - Training AdaBoostRegressor
[2025-06-30 18:37:16,800 ] 57 root - INFO - Training LinearRegression
[2025-06-30 18:37:16,803 ] 57 root - INFO - Training SVR
[2025-06-30 18:37:16,901 ] 57 root - INFO - Training DecisionTreeRegressor
[2025-06-30 18:37:16,908 ] 57 root - INFO - Training KNeighborsRegressor
[2025-06-30 18:37:16,916 ] 57 root - INFO - Training CatBoostRegressor
[2025-06-30 18:37:19,902 ] 57 root - INFO - Training XGBRegressor
[2025-06-30 18:37:20,707 ] 75 root - INFO - Best model found: GradientBoostingRegressor with R2 score: 0.8791696174026382
