[2025-06-30 18:30:37,923 ] 21 root - INFO - Data Ingestion method starts
[2025-06-30 18:30:37,928 ] 24 root - INFO - Dataset read as pandas DataFrame
[2025-06-30 18:30:37,937 ] 29 root - INFO - Raw data saved
[2025-06-30 18:30:38,060 ] 35 root - INFO - Train and Test data saved. Ingestion is completed.
[2025-06-30 18:30:38,098 ] 62 root - INFO - Read train and test data completed
[2025-06-30 18:30:38,098 ] 64 root - INFO - Obtaining preprocessing object
[2025-06-30 18:30:38,098 ] 33 root - INFO - Numerical features: ['age', 'bmi', 'children']
[2025-06-30 18:30:38,098 ] 43 root - INFO - Categorical features: ['sex', 'smoker', 'region']
[2025-06-30 18:30:38,100 ] 75 root - INFO - Applying preprocessing object on training and testing datasets
[2025-06-30 18:30:38,161 ] 82 root - INFO - Saved preprocessing object
[2025-06-30 18:30:38,163 ] 32 root - INFO - Splitting training and testing data
[2025-06-30 18:30:38,164 ] 54 root - INFO - Starting model training
[2025-06-30 18:30:38,164 ] 57 root - INFO - Training RandomForestRegressor
[2025-06-30 18:30:38,634 ] 57 root - INFO - Training GradientBoostingRegressor
[2025-06-30 18:30:38,799 ] 57 root - INFO - Training AdaBoostRegressor
[2025-06-30 18:30:38,835 ] 57 root - INFO - Training LinearRegression
[2025-06-30 18:30:38,838 ] 57 root - INFO - Training SVR
[2025-06-30 18:30:38,930 ] 57 root - INFO - Training DecisionTreeRegressor
[2025-06-30 18:30:38,937 ] 57 root - INFO - Training KNeighborsRegressor
[2025-06-30 18:30:38,945 ] 57 root - INFO - Training CatBoostRegressor
[2025-06-30 18:30:41,765 ] 57 root - INFO - Training XGBRegressor
[2025-06-30 18:30:42,496 ] 75 root - INFO - Best model found: GradientBoostingRegressor with R2 score: 0.8791685880391187
